# JRE version: OpenJDK Runtime Environment (8.0_152-b01) (build 1.8.0_152-release-1248-b01)
# Java VM: OpenJDK 64-Bit Server VM (25.152-b01 mixed mode windows-amd64 compressed oops)
Heap:
 PSYoungGen      total 274944K, used 184544K [0x00000000e0000000, 0x00000000f4000000, 0x0000000100000000)
  eden space 261632K, 68% used [0x00000000e0000000,0x00000000eadc3648,0x00000000eff80000)
  from space 13312K, 49% used [0x00000000eff80000,0x00000000f05f4c60,0x00000000f0c80000)
  to   space 12800K, 0% used [0x00000000f3380000,0x00000000f3380000,0x00000000f4000000)
 ParOldGen       total 145920K, used 115589K [0x00000000a0000000, 0x00000000a8e80000, 0x00000000e0000000)
  object space 145920K, 79% used [0x00000000a0000000,0x00000000a70e1758,0x00000000a8e80000)
 Metaspace       used 92194K, capacity 95514K, committed 95960K, reserved 1132544K
  class space    used 11482K, capacity 12191K, committed 12288K, reserved 1048576K
GC Heap History (10 events):
Event: 1223.900 GC heap before
{Heap before GC invocations=67 (full 6):
 PSYoungGen      total 241664K, used 227328K [0x00000000e0000000, 0x00000000efc80000, 0x0000000100000000)
  eden space 227328K, 100% used [0x00000000e0000000,0x00000000ede00000,0x00000000ede00000)
  from space 14336K, 0% used [0x00000000eec80000,0x00000000eec80000,0x00000000efa80000)
  to   space 14848K, 0% used [0x00000000ede00000,0x00000000ede00000,0x00000000eec80000)
 ParOldGen       total 145920K, used 93823K [0x00000000a0000000, 0x00000000a8e80000, 0x00000000e0000000)
  object space 145920K, 64% used [0x00000000a0000000,0x00000000a5b9fc58,0x00000000a8e80000)
 Metaspace       used 92068K, capacity 95342K, committed 95960K, reserved 1132544K
  class space    used 11464K, capacity 12157K, committed 12288K, reserved 1048576K
Event: 1223.928 GC heap after
Heap after GC invocations=67 (full 6):
 PSYoungGen      total 242176K, used 5504K [0x00000000e0000000, 0x00000000f1b00000, 0x0000000100000000)
  eden space 227328K, 0% used [0x00000000e0000000,0x00000000e0000000,0x00000000ede00000)
  from space 14848K, 37% used [0x00000000ede00000,0x00000000ee360010,0x00000000eec80000)
  to   space 14336K, 0% used [0x00000000f0d00000,0x00000000f0d00000,0x00000000f1b00000)
 ParOldGen       total 145920K, used 93823K [0x00000000a0000000, 0x00000000a8e80000, 0x00000000e0000000)
  object space 145920K, 64% used [0x00000000a0000000,0x00000000a5b9fc58,0x00000000a8e80000)
 Metaspace       used 92068K, capacity 95342K, committed 95960K, reserved 1132544K
  class space    used 11464K, capacity 12157K, committed 12288K, reserved 1048576K
}
Event: 1225.983 GC heap before
{Heap before GC invocations=68 (full 6):
 PSYoungGen      total 242176K, used 232832K [0x00000000e0000000, 0x00000000f1b00000, 0x0000000100000000)
  eden space 227328K, 100% used [0x00000000e0000000,0x00000000ede00000,0x00000000ede00000)
  from space 14848K, 37% used [0x00000000ede00000,0x00000000ee360010,0x00000000eec80000)
  to   space 14336K, 0% used [0x00000000f0d00000,0x00000000f0d00000,0x00000000f1b00000)
 ParOldGen       total 145920K, used 93823K [0x00000000a0000000, 0x00000000a8e80000, 0x00000000e0000000)
  object space 145920K, 64% used [0x00000000a0000000,0x00000000a5b9fc58,0x00000000a8e80000)
 Metaspace       used 92071K, capacity 95344K, committed 95960K, reserved 1132544K
  class space    used 11465K, capacity 12158K, committed 12288K, reserved 1048576K
Event: 1226.021 GC heap after
Heap after GC invocations=68 (full 6):
 PSYoungGen      total 274432K, used 6592K [0x00000000e0000000, 0x00000000f1980000, 0x0000000100000000)
  eden space 261632K, 0% used [0x00000000e0000000,0x00000000e0000000,0x00000000eff80000)
  from space 12800K, 51% used [0x00000000f0d00000,0x00000000f1370000,0x00000000f1980000)
  to   space 13312K, 0% used [0x00000000eff80000,0x00000000eff80000,0x00000000f0c80000)
 ParOldGen       total 145920K, used 98506K [0x00000000a0000000, 0x00000000a8e80000, 0x00000000e0000000)
  object space 145920K, 67% used [0x00000000a0000000,0x00000000a6032b30,0x00000000a8e80000)
 Metaspace       used 92071K, capacity 95344K, committed 95960K, reserved 1132544K
  class space    used 11465K, capacity 12158K, committed 12288K, reserved 1048576K
}
Event: 1228.599 GC heap before
{Heap before GC invocations=69 (full 6):
 PSYoungGen      total 274432K, used 268224K [0x00000000e0000000, 0x00000000f1980000, 0x0000000100000000)
  eden space 261632K, 100% used [0x00000000e0000000,0x00000000eff80000,0x00000000eff80000)
  from space 12800K, 51% used [0x00000000f0d00000,0x00000000f1370000,0x00000000f1980000)
  to   space 13312K, 0% used [0x00000000eff80000,0x00000000eff80000,0x00000000f0c80000)
 ParOldGen       total 145920K, used 98506K [0x00000000a0000000, 0x00000000a8e80000, 0x00000000e0000000)
  object space 145920K, 67% used [0x00000000a0000000,0x00000000a6032b30,0x00000000a8e80000)
 Metaspace       used 92085K, capacity 95408K, committed 95960K, reserved 1132544K
  class space    used 11465K, capacity 12158K, committed 12288K, reserved 1048576K
Event: 1228.675 GC heap after
Heap after GC invocations=69 (full 6):
 PSYoungGen      total 274944K, used 9173K [0x00000000e0000000, 0x00000000f1980000, 0x0000000100000000)
  eden space 261632K, 0% used [0x00000000e0000000,0x00000000e0000000,0x00000000eff80000)
  from space 13312K, 68% used [0x00000000eff80000,0x00000000f0875770,0x00000000f0c80000)
  to   space 12800K, 0% used [0x00000000f0d00000,0x00000000f0d00000,0x00000000f1980000)
 ParOldGen       total 145920K, used 104538K [0x00000000a0000000, 0x00000000a8e80000, 0x00000000e0000000)
  object space 145920K, 71% used [0x00000000a0000000,0x00000000a6616b50,0x00000000a8e80000)
 Metaspace       used 92085K, capacity 95408K, committed 95960K, reserved 1132544K
  class space    used 11465K, capacity 12158K, committed 12288K, reserved 1048576K
}
Event: 1232.113 GC heap before
{Heap before GC invocations=70 (full 6):
 PSYoungGen      total 274944K, used 270805K [0x00000000e0000000, 0x00000000f1980000, 0x0000000100000000)
  eden space 261632K, 100% used [0x00000000e0000000,0x00000000eff80000,0x00000000eff80000)
  from space 13312K, 68% used [0x00000000eff80000,0x00000000f0875770,0x00000000f0c80000)
  to   space 12800K, 0% used [0x00000000f0d00000,0x00000000f0d00000,0x00000000f1980000)
 ParOldGen       total 145920K, used 104538K [0x00000000a0000000, 0x00000000a8e80000, 0x00000000e0000000)
  object space 145920K, 71% used [0x00000000a0000000,0x00000000a6616b50,0x00000000a8e80000)
 Metaspace       used 92164K, capacity 95440K, committed 95960K, reserved 1132544K
  class space    used 11481K, capacity 12190K, committed 12288K, reserved 1048576K
Event: 1232.166 GC heap after
Heap after GC invocations=70 (full 6):
 PSYoungGen      total 274432K, used 4544K [0x00000000e0000000, 0x00000000f1980000, 0x0000000100000000)
  eden space 261632K, 0% used [0x00000000e0000000,0x00000000e0000000,0x00000000eff80000)
  from space 12800K, 35% used [0x00000000f0d00000,0x00000000f1170000,0x00000000f1980000)
  to   space 13312K, 0% used [0x00000000eff80000,0x00000000eff80000,0x00000000f0c80000)
 ParOldGen       total 145920K, used 112333K [0x00000000a0000000, 0x00000000a8e80000, 0x00000000e0000000)
  object space 145920K, 76% used [0x00000000a0000000,0x00000000a6db3728,0x00000000a8e80000)
 Metaspace       used 92164K, capacity 95440K, committed 95960K, reserved 1132544K
  class space    used 11481K, capacity 12190K, committed 12288K, reserved 1048576K
}
Event: 1234.310 GC heap before
{Heap before GC invocations=71 (full 6):
 PSYoungGen      total 274432K, used 266176K [0x00000000e0000000, 0x00000000f1980000, 0x0000000100000000)
  eden space 261632K, 100% used [0x00000000e0000000,0x00000000eff80000,0x00000000eff80000)
  from space 12800K, 35% used [0x00000000f0d00000,0x00000000f1170000,0x00000000f1980000)
  to   space 13312K, 0% used [0x00000000eff80000,0x00000000eff80000,0x00000000f0c80000)
 ParOldGen       total 145920K, used 112333K [0x00000000a0000000, 0x00000000a8e80000, 0x00000000e0000000)
  object space 145920K, 76% used [0x00000000a0000000,0x00000000a6db3728,0x00000000a8e80000)
 Metaspace       used 92193K, capacity 95514K, committed 95960K, reserved 1132544K
  class space    used 11482K, capacity 12191K, committed 12288K, reserved 1048576K
Event: 1234.347 GC heap after
Heap after GC invocations=71 (full 6):
 PSYoungGen      total 274944K, used 6611K [0x00000000e0000000, 0x00000000f4000000, 0x0000000100000000)
  eden space 261632K, 0% used [0x00000000e0000000,0x00000000e0000000,0x00000000eff80000)
  from space 13312K, 49% used [0x00000000eff80000,0x00000000f05f4c60,0x00000000f0c80000)
  to   space 12800K, 0% used [0x00000000f3380000,0x00000000f3380000,0x00000000f4000000)
 ParOldGen       total 145920K, used 115589K [0x00000000a0000000, 0x00000000a8e80000, 0x00000000e0000000)
  object space 145920K, 79% used [0x00000000a0000000,0x00000000a70e1758,0x00000000a8e80000)
 Metaspace       used 92193K, capacity 95514K, committed 95960K, reserved 1132544K
  class space    used 11482K, capacity 12191K, committed 12288K, reserved 1048576K
}

